Using pre-set license
Built from '2020.2/staging' branch; Version is '2020.2.7f1 (c53830e277f1) revision 12924976'; Using compiler version '192528614'; Build Type 'Release'
OS: 'Windows 10 Enterprise; OS build 18363.1734; Version 1909; 64bit' Language: 'en' Physical Memory: 16339 MB
BatchMode: 1, IsHumanControllingUs: 0, StartBugReporterOnCrash: 0, Is64bit: 1, IsPro: 0

 COMMAND LINE ARGUMENTS:
C:\Program Files\Unity\Hub\Editor\2020.2.7f1\Editor\Unity.exe
-adb2
-batchMode
-noUpm
-name
AssetImportWorker0
-projectPath
I:/Programiranje/unityProjects/blockBreaker/BasketballShoot
-logFile
Logs/AssetImportWorker0.log
-srvPort
55796
Successfully changed project path to: I:/Programiranje/unityProjects/blockBreaker/BasketballShoot
I:/Programiranje/unityProjects/blockBreaker/BasketballShoot
Using Asset Import Pipeline V2.
Refreshing native plugins compatible for Editor in 40.52 ms, found 1 plugins.
Preloading 0 native plugins for Editor in 0.00 ms.
Initialize engine version: 2020.2.7f1 (c53830e277f1)
[Subsystems] Discovering subsystems at path C:/Program Files/Unity/Hub/Editor/2020.2.7f1/Editor/Data/Resources/UnitySubsystems
[Subsystems] Discovering subsystems at path I:/Programiranje/unityProjects/blockBreaker/BasketballShoot/Assets
GfxDevice: creating device client; threaded=0
Direct3D:
    Version:  Direct3D 11.0 [level 11.1]
    Renderer: NVIDIA GeForce GTX 1060 6GB (ID=0x1c03)
    Vendor:   
    VRAM:     6052 MB
    Driver:   27.21.14.5671
Initialize mono
Mono path[0] = 'C:/Program Files/Unity/Hub/Editor/2020.2.7f1/Editor/Data/Managed'
Mono path[1] = 'C:/Program Files/Unity/Hub/Editor/2020.2.7f1/Editor/Data/MonoBleedingEdge/lib/mono/unityjit'
Mono config path = 'C:/Program Files/Unity/Hub/Editor/2020.2.7f1/Editor/Data/MonoBleedingEdge/etc'
Using monoOptions --debugger-agent=transport=dt_socket,embedding=1,server=y,suspend=n,address=127.0.0.1:56400
Begin MonoManager ReloadAssembly
Registering precompiled unity dll's ...
Register platform support module: C:/Program Files/Unity/Hub/Editor/2020.2.7f1/Editor/Data/PlaybackEngines/WindowsStandaloneSupport/UnityEditor.WindowsStandalone.Extensions.dll
Registered in 0.002784 seconds.
Native extension for WindowsStandalone target not found
Refreshing native plugins compatible for Editor in 40.38 ms, found 1 plugins.
Preloading 0 native plugins for Editor in 0.00 ms.
Invoked RoslynAnalysisRunner static constructor.
RoslynAnalysisRunner will not be running.
RoslynAnalysisRunner has terminated.
Mono: successfully reloaded assembly
- Completed reload, in  1.245 seconds
Platform modules already initialized, skipping
Registering precompiled user dll's ...
Registered in 0.001094 seconds.
Begin MonoManager ReloadAssembly
OnLevelWasLoaded was found on GameManagerScript
This message has been deprecated and will be removed in a later version of Unity.
Add a delegate to SceneManager.sceneLoaded instead to get notifications after scene loading has completed

Native extension for WindowsStandalone target not found
Refreshing native plugins compatible for Editor in 34.37 ms, found 1 plugins.
Preloading 0 native plugins for Editor in 0.00 ms.
Invoked RoslynAnalysisRunner static constructor.
RoslynAnalysisRunner will not be running.
RoslynAnalysisRunner has terminated.
Mono: successfully reloaded assembly
- Completed reload, in  0.930 seconds
Platform modules already initialized, skipping
========================================================================
Worker process is ready to serve import requests
Launched and connected shader compiler UnityShaderCompiler.exe after 0.05 seconds
Refreshing native plugins compatible for Editor in 0.33 ms, found 1 plugins.
Preloading 0 native plugins for Editor in 0.00 ms.
Unloading 1813 Unused Serialized files (Serialized files now loaded: 0)
System memory in use before: 84.9 MB.
System memory in use after: 84.9 MB.

Unloading 24 unused Assets to reduce memory usage. Loaded Objects now: 2257.
Total: 2.135200 ms (FindLiveObjects: 0.231700 ms CreateObjectMapping: 0.115800 ms MarkObjects: 1.632300 ms  DeleteObjects: 0.153800 ms)

========================================================================
Received Import Request.
  path: Assets/Scenes/Gameplaye.unity
  artifactKey: Guid(2cda990e2423bbf4892e6590ba056729) Importer(815301076,1909f56bfc062723c751e8b465ee728b)
Start importing Assets/Scenes/Gameplaye.unity using Guid(2cda990e2423bbf4892e6590ba056729) Importer(815301076,1909f56bfc062723c751e8b465ee728b)  -> (artifact id: '07e56c675cece015dbc94f94eeb28ccb') in 0.032782 seconds
  Import took 0.035845 seconds .

========================================================================
Received Prepare
Refreshing native plugins compatible for Editor in 20.07 ms, found 1 plugins.
Preloading 0 native plugins for Editor in 0.00 ms.
Unloading 10 Unused Serialized files (Serialized files now loaded: 0)
System memory in use before: 49.2 MB.
System memory in use after: 49.2 MB.

Unloading 10 unused Assets to reduce memory usage. Loaded Objects now: 2257.
Total: 8.754500 ms (FindLiveObjects: 0.723400 ms CreateObjectMapping: 0.144000 ms MarkObjects: 7.775400 ms  DeleteObjects: 0.110300 ms)

========================================================================
Received Prepare
Registering precompiled user dll's ...
Registered in 0.000854 seconds.
Begin MonoManager ReloadAssembly
Native extension for WindowsStandalone target not found
Refreshing native plugins compatible for Editor in 0.68 ms, found 1 plugins.
Preloading 0 native plugins for Editor in 0.00 ms.
Invoked RoslynAnalysisRunner static constructor.
RoslynAnalysisRunner will not be running.
RoslynAnalysisRunner has terminated.
Mono: successfully reloaded assembly
- Completed reload, in  0.848 seconds
Platform modules already initialized, skipping
OnLevelWasLoaded was found on GameManagerScript
This message has been deprecated and will be removed in a later version of Unity.
Add a delegate to SceneManager.sceneLoaded instead to get notifications after scene loading has completed

Refreshing native plugins compatible for Editor in 0.37 ms, found 1 plugins.
Preloading 0 native plugins for Editor in 0.00 ms.
Unloading 1808 Unused Serialized files (Serialized files now loaded: 0)
System memory in use before: 84.9 MB.
System memory in use after: 84.9 MB.

Unloading 12 unused Assets to reduce memory usage. Loaded Objects now: 2261.
Total: 2.059600 ms (FindLiveObjects: 0.220600 ms CreateObjectMapping: 0.077300 ms MarkObjects: 1.643500 ms  DeleteObjects: 0.117200 ms)

========================================================================
Received Prepare
Registering precompiled user dll's ...
Registered in 0.003015 seconds.
Begin MonoManager ReloadAssembly
Native extension for WindowsStandalone target not found
Refreshing native plugins compatible for Editor in 0.44 ms, found 1 plugins.
Preloading 0 native plugins for Editor in 0.00 ms.
Invoked RoslynAnalysisRunner static constructor.
RoslynAnalysisRunner will not be running.
RoslynAnalysisRunner has terminated.
Mono: successfully reloaded assembly
- Completed reload, in  8.297 seconds
Platform modules already initialized, skipping
OnLevelWasLoaded was found on GameManagerScript
This message has been deprecated and will be removed in a later version of Unity.
Add a delegate to SceneManager.sceneLoaded instead to get notifications after scene loading has completed

Refreshing native plugins compatible for Editor in 0.39 ms, found 1 plugins.
Preloading 0 native plugins for Editor in 0.00 ms.
Unloading 1808 Unused Serialized files (Serialized files now loaded: 0)
System memory in use before: 85.0 MB.
System memory in use after: 84.9 MB.

Unloading 12 unused Assets to reduce memory usage. Loaded Objects now: 2265.
Total: 2.489600 ms (FindLiveObjects: 0.255000 ms CreateObjectMapping: 0.082800 ms MarkObjects: 2.044200 ms  DeleteObjects: 0.106000 ms)

========================================================================
Received Import Request.
  Time since last request: 291.127102 seconds.
  path: Assets/Prefabs/Ball.prefab
  artifactKey: Guid(3c7454d6eb5998c478ab0e4eecff1e68) Importer(815301076,1909f56bfc062723c751e8b465ee728b)
Start importing Assets/Prefabs/Ball.prefab using Guid(3c7454d6eb5998c478ab0e4eecff1e68) Importer(815301076,1909f56bfc062723c751e8b465ee728b)  -> (artifact id: '0f0fb8ee3bc1c69010ffcf95779848c9') in 0.112143 seconds
  Import took 0.115202 seconds .

========================================================================
Received Prepare
Registering precompiled user dll's ...
Registered in 0.001316 seconds.
Begin MonoManager ReloadAssembly
Native extension for WindowsStandalone target not found
Refreshing native plugins compatible for Editor in 0.33 ms, found 1 plugins.
Preloading 0 native plugins for Editor in 0.00 ms.
Invoked RoslynAnalysisRunner static constructor.
RoslynAnalysisRunner will not be running.
RoslynAnalysisRunner has terminated.
Mono: successfully reloaded assembly
- Completed reload, in  0.856 seconds
Platform modules already initialized, skipping
OnLevelWasLoaded was found on GameManagerScript
This message has been deprecated and will be removed in a later version of Unity.
Add a delegate to SceneManager.sceneLoaded instead to get notifications after scene loading has completed

Refreshing native plugins compatible for Editor in 0.56 ms, found 1 plugins.
Preloading 0 native plugins for Editor in 0.00 ms.
Unloading 1808 Unused Serialized files (Serialized files now loaded: 0)
System memory in use before: 88.1 MB.
System memory in use after: 88.1 MB.

Unloading 12 unused Assets to reduce memory usage. Loaded Objects now: 2276.
Total: 4.318600 ms (FindLiveObjects: 0.309100 ms CreateObjectMapping: 0.099100 ms MarkObjects: 3.790400 ms  DeleteObjects: 0.118300 ms)

========================================================================
Received Prepare
Registering precompiled user dll's ...
Registered in 0.001052 seconds.
Begin MonoManager ReloadAssembly
Native extension for WindowsStandalone target not found
Refreshing native plugins compatible for Editor in 0.35 ms, found 1 plugins.
Preloading 0 native plugins for Editor in 0.00 ms.
Invoked RoslynAnalysisRunner static constructor.
RoslynAnalysisRunner will not be running.
RoslynAnalysisRunner has terminated.
Mono: successfully reloaded assembly
- Completed reload, in  0.842 seconds
Platform modules already initialized, skipping
OnLevelWasLoaded was found on GameManagerScript
This message has been deprecated and will be removed in a later version of Unity.
Add a delegate to SceneManager.sceneLoaded instead to get notifications after scene loading has completed

Refreshing native plugins compatible for Editor in 0.33 ms, found 1 plugins.
Preloading 0 native plugins for Editor in 0.00 ms.
Unloading 1808 Unused Serialized files (Serialized files now loaded: 0)
System memory in use before: 88.1 MB.
System memory in use after: 88.1 MB.

Unloading 12 unused Assets to reduce memory usage. Loaded Objects now: 2280.
Total: 2.053700 ms (FindLiveObjects: 0.217800 ms CreateObjectMapping: 0.065300 ms MarkObjects: 1.635700 ms  DeleteObjects: 0.133100 ms)

========================================================================
Received Prepare
Registering precompiled user dll's ...
Registered in 0.001191 seconds.
Begin MonoManager ReloadAssembly
Native extension for WindowsStandalone target not found
Refreshing native plugins compatible for Editor in 0.43 ms, found 1 plugins.
Preloading 0 native plugins for Editor in 0.00 ms.
Invoked RoslynAnalysisRunner static constructor.
RoslynAnalysisRunner will not be running.
RoslynAnalysisRunner has terminated.
Mono: successfully reloaded assembly
- Completed reload, in  1.222 seconds
Platform modules already initialized, skipping
OnLevelWasLoaded was found on GameManagerScript
This message has been deprecated and will be removed in a later version of Unity.
Add a delegate to SceneManager.sceneLoaded instead to get notifications after scene loading has completed

Refreshing native plugins compatible for Editor in 0.41 ms, found 1 plugins.
Preloading 0 native plugins for Editor in 0.00 ms.
Unloading 1808 Unused Serialized files (Serialized files now loaded: 0)
System memory in use before: 88.1 MB.
System memory in use after: 88.1 MB.

Unloading 12 unused Assets to reduce memory usage. Loaded Objects now: 2284.
Total: 2.553200 ms (FindLiveObjects: 0.197100 ms CreateObjectMapping: 0.070200 ms MarkObjects: 2.176300 ms  DeleteObjects: 0.108400 ms)

========================================================================
Received Prepare
Registering precompiled user dll's ...
Registered in 0.000943 seconds.
Begin MonoManager ReloadAssembly
Native extension for WindowsStandalone target not found
Refreshing native plugins compatible for Editor in 0.33 ms, found 1 plugins.
Preloading 0 native plugins for Editor in 0.00 ms.
Invoked RoslynAnalysisRunner static constructor.
RoslynAnalysisRunner will not be running.
RoslynAnalysisRunner has terminated.
Mono: successfully reloaded assembly
- Completed reload, in  0.866 seconds
Platform modules already initialized, skipping
OnLevelWasLoaded was found on GameManagerScript
This message has been deprecated and will be removed in a later version of Unity.
Add a delegate to SceneManager.sceneLoaded instead to get notifications after scene loading has completed

Refreshing native plugins compatible for Editor in 0.34 ms, found 1 plugins.
Preloading 0 native plugins for Editor in 0.00 ms.
Unloading 1808 Unused Serialized files (Serialized files now loaded: 0)
System memory in use before: 88.1 MB.
System memory in use after: 88.1 MB.

Unloading 12 unused Assets to reduce memory usage. Loaded Objects now: 2288.
Total: 1.985100 ms (FindLiveObjects: 0.194900 ms CreateObjectMapping: 0.066100 ms MarkObjects: 1.598900 ms  DeleteObjects: 0.124100 ms)

========================================================================
Received Import Request.
  Time since last request: 232.168065 seconds.
  path: Assets/Scenes/Gameplaye.unity
  artifactKey: Guid(2cda990e2423bbf4892e6590ba056729) Importer(815301076,1909f56bfc062723c751e8b465ee728b)
Start importing Assets/Scenes/Gameplaye.unity using Guid(2cda990e2423bbf4892e6590ba056729) Importer(815301076,1909f56bfc062723c751e8b465ee728b)  -> (artifact id: '893e4a0ca2e9affae3568f8b4273212b') in 0.010242 seconds
  Import took 0.034585 seconds .

========================================================================
Received Prepare
Registering precompiled user dll's ...
Registered in 0.000932 seconds.
Begin MonoManager ReloadAssembly
Native extension for WindowsStandalone target not found
Refreshing native plugins compatible for Editor in 0.33 ms, found 1 plugins.
Preloading 0 native plugins for Editor in 0.00 ms.
Invoked RoslynAnalysisRunner static constructor.
RoslynAnalysisRunner will not be running.
RoslynAnalysisRunner has terminated.
Mono: successfully reloaded assembly
- Completed reload, in  0.857 seconds
Platform modules already initialized, skipping
OnLevelWasLoaded was found on GameManagerScript
This message has been deprecated and will be removed in a later version of Unity.
Add a delegate to SceneManager.sceneLoaded instead to get notifications after scene loading has completed

Refreshing native plugins compatible for Editor in 0.33 ms, found 1 plugins.
Preloading 0 native plugins for Editor in 0.00 ms.
Unloading 1808 Unused Serialized files (Serialized files now loaded: 0)
System memory in use before: 88.1 MB.
System memory in use after: 88.1 MB.

Unloading 12 unused Assets to reduce memory usage. Loaded Objects now: 2292.
Total: 2.178100 ms (FindLiveObjects: 0.208400 ms CreateObjectMapping: 0.058900 ms MarkObjects: 1.803200 ms  DeleteObjects: 0.106800 ms)

========================================================================
Received Prepare
Registering precompiled user dll's ...
Registered in 0.001337 seconds.
Begin MonoManager ReloadAssembly
Native extension for WindowsStandalone target not found
Refreshing native plugins compatible for Editor in 0.35 ms, found 1 plugins.
Preloading 0 native plugins for Editor in 0.00 ms.
Invoked RoslynAnalysisRunner static constructor.
RoslynAnalysisRunner will not be running.
RoslynAnalysisRunner has terminated.
Mono: successfully reloaded assembly
- Completed reload, in  0.901 seconds
Platform modules already initialized, skipping
OnLevelWasLoaded was found on GameManagerScript
This message has been deprecated and will be removed in a later version of Unity.
Add a delegate to SceneManager.sceneLoaded instead to get notifications after scene loading has completed

Refreshing native plugins compatible for Editor in 0.35 ms, found 1 plugins.
Preloading 0 native plugins for Editor in 0.00 ms.
Unloading 1808 Unused Serialized files (Serialized files now loaded: 0)
System memory in use before: 88.2 MB.
System memory in use after: 88.1 MB.

Unloading 12 unused Assets to reduce memory usage. Loaded Objects now: 2296.
Total: 2.457400 ms (FindLiveObjects: 0.319400 ms CreateObjectMapping: 0.101600 ms MarkObjects: 1.855100 ms  DeleteObjects: 0.179700 ms)

========================================================================
Received Prepare
Registering precompiled user dll's ...
Registered in 0.000913 seconds.
Begin MonoManager ReloadAssembly
Native extension for WindowsStandalone target not found
Refreshing native plugins compatible for Editor in 0.33 ms, found 1 plugins.
Preloading 0 native plugins for Editor in 0.00 ms.
Invoked RoslynAnalysisRunner static constructor.
RoslynAnalysisRunner will not be running.
RoslynAnalysisRunner has terminated.
Mono: successfully reloaded assembly
- Completed reload, in  0.854 seconds
Platform modules already initialized, skipping
OnLevelWasLoaded was found on GameManagerScript
This message has been deprecated and will be removed in a later version of Unity.
Add a delegate to SceneManager.sceneLoaded instead to get notifications after scene loading has completed

Refreshing native plugins compatible for Editor in 0.34 ms, found 1 plugins.
Preloading 0 native plugins for Editor in 0.00 ms.
Unloading 1808 Unused Serialized files (Serialized files now loaded: 0)
System memory in use before: 88.2 MB.
System memory in use after: 88.2 MB.

Unloading 12 unused Assets to reduce memory usage. Loaded Objects now: 2300.
Total: 2.340200 ms (FindLiveObjects: 0.224800 ms CreateObjectMapping: 0.071400 ms MarkObjects: 1.944300 ms  DeleteObjects: 0.098700 ms)

========================================================================
Received Import Request.
  Time since last request: 106.619941 seconds.
  path: Assets/Scenes/Gameplaye.unity
  artifactKey: Guid(2cda990e2423bbf4892e6590ba056729) Importer(815301076,1909f56bfc062723c751e8b465ee728b)
Start importing Assets/Scenes/Gameplaye.unity using Guid(2cda990e2423bbf4892e6590ba056729) Importer(815301076,1909f56bfc062723c751e8b465ee728b)  -> (artifact id: '7a2c65f39b99749956c33634353312d3') in 0.014539 seconds
  Import took 0.023637 seconds .

========================================================================
Received Prepare
Registering precompiled user dll's ...
Registered in 0.000910 seconds.
Begin MonoManager ReloadAssembly
Native extension for WindowsStandalone target not found
Refreshing native plugins compatible for Editor in 0.58 ms, found 1 plugins.
Preloading 0 native plugins for Editor in 0.00 ms.
Invoked RoslynAnalysisRunner static constructor.
RoslynAnalysisRunner will not be running.
RoslynAnalysisRunner has terminated.
Mono: successfully reloaded assembly
- Completed reload, in  0.951 seconds
Platform modules already initialized, skipping
OnLevelWasLoaded was found on GameManagerScript
This message has been deprecated and will be removed in a later version of Unity.
Add a delegate to SceneManager.sceneLoaded instead to get notifications after scene loading has completed

Refreshing native plugins compatible for Editor in 0.48 ms, found 1 plugins.
Preloading 0 native plugins for Editor in 0.00 ms.
Unloading 1808 Unused Serialized files (Serialized files now loaded: 0)
System memory in use before: 88.2 MB.
System memory in use after: 88.2 MB.

Unloading 12 unused Assets to reduce memory usage. Loaded Objects now: 2304.
Total: 2.107900 ms (FindLiveObjects: 0.209200 ms CreateObjectMapping: 0.067400 ms MarkObjects: 1.676800 ms  DeleteObjects: 0.153400 ms)

========================================================================
Received Import Request.
  Time since last request: 45.774117 seconds.
  path: Assets/Scenes/StartingScene.unity
  artifactKey: Guid(a0e50718f9ea3214f8afacd48e7b35fe) Importer(815301076,1909f56bfc062723c751e8b465ee728b)
Start importing Assets/Scenes/StartingScene.unity using Guid(a0e50718f9ea3214f8afacd48e7b35fe) Importer(815301076,1909f56bfc062723c751e8b465ee728b)  -> (artifact id: '8a55a4b591c6bfc108c84d3c0263cadb') in 0.010562 seconds
  Import took 0.022162 seconds .

========================================================================
Received Prepare
Registering precompiled user dll's ...
Registered in 0.001027 seconds.
Begin MonoManager ReloadAssembly
Native extension for WindowsStandalone target not found
Refreshing native plugins compatible for Editor in 0.34 ms, found 1 plugins.
Preloading 0 native plugins for Editor in 0.00 ms.
Invoked RoslynAnalysisRunner static constructor.
RoslynAnalysisRunner will not be running.
RoslynAnalysisRunner has terminated.
Mono: successfully reloaded assembly
- Completed reload, in  0.870 seconds
Platform modules already initialized, skipping
OnLevelWasLoaded was found on GameManagerScript
This message has been deprecated and will be removed in a later version of Unity.
Add a delegate to SceneManager.sceneLoaded instead to get notifications after scene loading has completed

Refreshing native plugins compatible for Editor in 0.35 ms, found 1 plugins.
Preloading 0 native plugins for Editor in 0.00 ms.
Unloading 1808 Unused Serialized files (Serialized files now loaded: 0)
System memory in use before: 88.2 MB.
System memory in use after: 88.2 MB.

Unloading 12 unused Assets to reduce memory usage. Loaded Objects now: 2308.
Total: 2.291500 ms (FindLiveObjects: 0.205700 ms CreateObjectMapping: 0.067200 ms MarkObjects: 1.884700 ms  DeleteObjects: 0.132800 ms)

========================================================================
Received Prepare
Registering precompiled user dll's ...
Registered in 0.000896 seconds.
Begin MonoManager ReloadAssembly
Native extension for WindowsStandalone target not found
Refreshing native plugins compatible for Editor in 0.37 ms, found 1 plugins.
Preloading 0 native plugins for Editor in 0.00 ms.
Invoked RoslynAnalysisRunner static constructor.
RoslynAnalysisRunner will not be running.
RoslynAnalysisRunner has terminated.
Mono: successfully reloaded assembly
- Completed reload, in  0.886 seconds
Platform modules already initialized, skipping
OnLevelWasLoaded was found on GameManagerScript
This message has been deprecated and will be removed in a later version of Unity.
Add a delegate to SceneManager.sceneLoaded instead to get notifications after scene loading has completed

Refreshing native plugins compatible for Editor in 0.33 ms, found 1 plugins.
Preloading 0 native plugins for Editor in 0.00 ms.
Unloading 1808 Unused Serialized files (Serialized files now loaded: 0)
System memory in use before: 88.2 MB.
System memory in use after: 88.2 MB.

Unloading 12 unused Assets to reduce memory usage. Loaded Objects now: 2312.
Total: 2.178100 ms (FindLiveObjects: 0.289500 ms CreateObjectMapping: 0.075100 ms MarkObjects: 1.690400 ms  DeleteObjects: 0.121900 ms)

========================================================================
Received Import Request.
  Time since last request: 186.580241 seconds.
  path: Assets/Scenes/Gameplaye.unity
  artifactKey: Guid(2cda990e2423bbf4892e6590ba056729) Importer(815301076,1909f56bfc062723c751e8b465ee728b)
Start importing Assets/Scenes/Gameplaye.unity using Guid(2cda990e2423bbf4892e6590ba056729) Importer(815301076,1909f56bfc062723c751e8b465ee728b)  -> (artifact id: '6eeffcd2b1873bb4c33e51d76005156b') in 0.010725 seconds
  Import took 0.014018 seconds .

========================================================================
Received Import Request.
  Time since last request: 12.217199 seconds.
  path: Assets/Scenes/StartingScene.unity
  artifactKey: Guid(a0e50718f9ea3214f8afacd48e7b35fe) Importer(815301076,1909f56bfc062723c751e8b465ee728b)
Start importing Assets/Scenes/StartingScene.unity using Guid(a0e50718f9ea3214f8afacd48e7b35fe) Importer(815301076,1909f56bfc062723c751e8b465ee728b)  -> (artifact id: '0ceb65d6c97e647f51f68a157d753a0d') in 0.002440 seconds
  Import took 0.006762 seconds .

========================================================================
Received Prepare
Registering precompiled user dll's ...
Registered in 0.000938 seconds.
Begin MonoManager ReloadAssembly
Native extension for WindowsStandalone target not found
Refreshing native plugins compatible for Editor in 0.34 ms, found 1 plugins.
Preloading 0 native plugins for Editor in 0.00 ms.
Invoked RoslynAnalysisRunner static constructor.
RoslynAnalysisRunner will not be running.
RoslynAnalysisRunner has terminated.
Mono: successfully reloaded assembly
- Completed reload, in  0.963 seconds
Platform modules already initialized, skipping
OnLevelWasLoaded was found on GameManagerScript
This message has been deprecated and will be removed in a later version of Unity.
Add a delegate to SceneManager.sceneLoaded instead to get notifications after scene loading has completed

Refreshing native plugins compatible for Editor in 0.36 ms, found 1 plugins.
Preloading 0 native plugins for Editor in 0.00 ms.
Unloading 1808 Unused Serialized files (Serialized files now loaded: 0)
System memory in use before: 88.2 MB.
System memory in use after: 88.2 MB.

Unloading 12 unused Assets to reduce memory usage. Loaded Objects now: 2316.
Total: 2.114700 ms (FindLiveObjects: 0.229400 ms CreateObjectMapping: 0.069300 ms MarkObjects: 1.709500 ms  DeleteObjects: 0.105200 ms)

========================================================================
Received Prepare
Registering precompiled user dll's ...
Registered in 0.001935 seconds.
Begin MonoManager ReloadAssembly
Native extension for WindowsStandalone target not found
Refreshing native plugins compatible for Editor in 0.48 ms, found 1 plugins.
Preloading 0 native plugins for Editor in 0.00 ms.
Invoked RoslynAnalysisRunner static constructor.
RoslynAnalysisRunner will not be running.
RoslynAnalysisRunner has terminated.
Mono: successfully reloaded assembly
- Completed reload, in  1.117 seconds
Platform modules already initialized, skipping
OnLevelWasLoaded was found on GameManagerScript
This message has been deprecated and will be removed in a later version of Unity.
Add a delegate to SceneManager.sceneLoaded instead to get notifications after scene loading has completed

Refreshing native plugins compatible for Editor in 0.43 ms, found 1 plugins.
Preloading 0 native plugins for Editor in 0.00 ms.
Unloading 1808 Unused Serialized files (Serialized files now loaded: 0)
System memory in use before: 88.2 MB.
System memory in use after: 88.2 MB.

Unloading 12 unused Assets to reduce memory usage. Loaded Objects now: 2320.
Total: 2.917200 ms (FindLiveObjects: 0.240600 ms CreateObjectMapping: 0.081000 ms MarkObjects: 2.462800 ms  DeleteObjects: 0.131000 ms)

========================================================================
Received Prepare
Registering precompiled user dll's ...
Registered in 0.000937 seconds.
Begin MonoManager ReloadAssembly
Native extension for WindowsStandalone target not found
Refreshing native plugins compatible for Editor in 0.43 ms, found 1 plugins.
Preloading 0 native plugins for Editor in 0.00 ms.
Invoked RoslynAnalysisRunner static constructor.
RoslynAnalysisRunner will not be running.
RoslynAnalysisRunner has terminated.
Mono: successfully reloaded assembly
- Completed reload, in  0.917 seconds
Platform modules already initialized, skipping
OnLevelWasLoaded was found on GameManagerScript
This message has been deprecated and will be removed in a later version of Unity.
Add a delegate to SceneManager.sceneLoaded instead to get notifications after scene loading has completed

Refreshing native plugins compatible for Editor in 0.35 ms, found 1 plugins.
Preloading 0 native plugins for Editor in 0.00 ms.
Unloading 1808 Unused Serialized files (Serialized files now loaded: 0)
System memory in use before: 88.2 MB.
System memory in use after: 88.2 MB.

Unloading 12 unused Assets to reduce memory usage. Loaded Objects now: 2324.
Total: 1.940700 ms (FindLiveObjects: 0.219400 ms CreateObjectMapping: 0.066300 ms MarkObjects: 1.544300 ms  DeleteObjects: 0.109400 ms)

========================================================================
Received Import Request.
  Time since last request: 456.156203 seconds.
  path: Assets/Scenes/Gameplaye.unity
  artifactKey: Guid(2cda990e2423bbf4892e6590ba056729) Importer(815301076,1909f56bfc062723c751e8b465ee728b)
Start importing Assets/Scenes/Gameplaye.unity using Guid(2cda990e2423bbf4892e6590ba056729) Importer(815301076,1909f56bfc062723c751e8b465ee728b)  -> (artifact id: 'fbafb5c48b032d5af2e803d3d3ae22d6') in 0.029839 seconds
  Import took 0.048962 seconds .

========================================================================
Received Prepare
Registering precompiled user dll's ...
Registered in 0.001089 seconds.
Begin MonoManager ReloadAssembly
Native extension for WindowsStandalone target not found
Refreshing native plugins compatible for Editor in 0.33 ms, found 1 plugins.
Preloading 0 native plugins for Editor in 0.00 ms.
Invoked RoslynAnalysisRunner static constructor.
RoslynAnalysisRunner will not be running.
RoslynAnalysisRunner has terminated.
Mono: successfully reloaded assembly
- Completed reload, in  0.825 seconds
Platform modules already initialized, skipping
OnLevelWasLoaded was found on GameManagerScript
This message has been deprecated and will be removed in a later version of Unity.
Add a delegate to SceneManager.sceneLoaded instead to get notifications after scene loading has completed

Refreshing native plugins compatible for Editor in 0.34 ms, found 1 plugins.
Preloading 0 native plugins for Editor in 0.00 ms.
Unloading 1808 Unused Serialized files (Serialized files now loaded: 0)
System memory in use before: 88.3 MB.
System memory in use after: 88.2 MB.

Unloading 12 unused Assets to reduce memory usage. Loaded Objects now: 2328.
Total: 2.073100 ms (FindLiveObjects: 0.219300 ms CreateObjectMapping: 0.082100 ms MarkObjects: 1.616600 ms  DeleteObjects: 0.154100 ms)

========================================================================
Received Import Request.
  Time since last request: 52.370237 seconds.
  path: Assets/Scenes/Gameplaye.unity
  artifactKey: Guid(2cda990e2423bbf4892e6590ba056729) Importer(815301076,1909f56bfc062723c751e8b465ee728b)
Start importing Assets/Scenes/Gameplaye.unity using Guid(2cda990e2423bbf4892e6590ba056729) Importer(815301076,1909f56bfc062723c751e8b465ee728b)  -> (artifact id: 'bac4215f59fcab8557ed5d503b3fe9d0') in 0.012886 seconds
  Import took 0.017791 seconds .

========================================================================
Received Prepare
Registering precompiled user dll's ...
Registered in 0.001572 seconds.
Begin MonoManager ReloadAssembly
Native extension for WindowsStandalone target not found
Refreshing native plugins compatible for Editor in 1.88 ms, found 1 plugins.
Preloading 0 native plugins for Editor in 0.00 ms.
Invoked RoslynAnalysisRunner static constructor.
RoslynAnalysisRunner will not be running.
RoslynAnalysisRunner has terminated.
Mono: successfully reloaded assembly
- Completed reload, in  3.136 seconds
Platform modules already initialized, skipping
OnLevelWasLoaded was found on GameManagerScript
This message has been deprecated and will be removed in a later version of Unity.
Add a delegate to SceneManager.sceneLoaded instead to get notifications after scene loading has completed

Refreshing native plugins compatible for Editor in 0.97 ms, found 1 plugins.
Preloading 0 native plugins for Editor in 0.00 ms.
Unloading 1808 Unused Serialized files (Serialized files now loaded: 0)
System memory in use before: 88.3 MB.
System memory in use after: 88.3 MB.

Unloading 12 unused Assets to reduce memory usage. Loaded Objects now: 2332.
Total: 1.994400 ms (FindLiveObjects: 0.253500 ms CreateObjectMapping: 0.070400 ms MarkObjects: 1.535200 ms  DeleteObjects: 0.134400 ms)

========================================================================
Received Import Request.
  Time since last request: 144.848875 seconds.
  path: Assets/Sounds
  artifactKey: Guid(7e4f91409f4421848aeb09e963be07ef) Importer(815301076,1909f56bfc062723c751e8b465ee728b)
Start importing Assets/Sounds using Guid(7e4f91409f4421848aeb09e963be07ef) Importer(815301076,1909f56bfc062723c751e8b465ee728b)  -> (artifact id: 'ddac0aa4e7a42ad02af9617bacf1489e') in 0.006128 seconds
  Import took 0.043435 seconds .

========================================================================
Received Import Request.
  Time since last request: 6.577790 seconds.
  path: Assets/Sounds/bounce 1.mp3
  artifactKey: Guid(ae55040c4fc82864aa1ed82a004f6d10) Importer(815301076,1909f56bfc062723c751e8b465ee728b)
Start importing Assets/Sounds/bounce 1.mp3 using Guid(ae55040c4fc82864aa1ed82a004f6d10) Importer(815301076,1909f56bfc062723c751e8b465ee728b)  -> (artifact id: '04f091e25834962494911485431114fe') in 0.214334 seconds
  Import took 0.224787 seconds .

========================================================================
Received Import Request.
  Time since last request: 0.000213 seconds.
  path: Assets/Sounds/Net Sound.mp3
  artifactKey: Guid(0ec790fb63c7b624fb4c71fefd30ffc7) Importer(815301076,1909f56bfc062723c751e8b465ee728b)
Start importing Assets/Sounds/Net Sound.mp3 using Guid(0ec790fb63c7b624fb4c71fefd30ffc7) Importer(815301076,1909f56bfc062723c751e8b465ee728b)  -> (artifact id: 'e1880ab13616f1c6fbe75a1dfbe2104c') in 0.022216 seconds
  Import took 0.039136 seconds .

========================================================================
Received Import Request.
  Time since last request: 0.000253 seconds.
  path: Assets/Sounds/Rim Hit 2.mp3
  artifactKey: Guid(7780f6b96a42f1e459e05574690f9f0c) Importer(815301076,1909f56bfc062723c751e8b465ee728b)
Start importing Assets/Sounds/Rim Hit 2.mp3 using Guid(7780f6b96a42f1e459e05574690f9f0c) Importer(815301076,1909f56bfc062723c751e8b465ee728b)  -> (artifact id: '9e5456aa29a524d73eb22854b7b61672') in 0.025291 seconds
  Import took 0.029262 seconds .

========================================================================
Received Import Request.
  Time since last request: 0.000261 seconds.
  path: Assets/Sounds/bounce 2.mp3
  artifactKey: Guid(0f4d6e544f563cd4da88a0433d281d79) Importer(815301076,1909f56bfc062723c751e8b465ee728b)
Start importing Assets/Sounds/bounce 2.mp3 using Guid(0f4d6e544f563cd4da88a0433d281d79) Importer(815301076,1909f56bfc062723c751e8b465ee728b)  -> (artifact id: '626def6be8bcf7d33a99a1cd43ec3484') in 0.012134 seconds
  Import took 0.032847 seconds .

========================================================================
Received Import Request.
  Time since last request: 0.000349 seconds.
  path: Assets/Sounds/Rim Hit 1.mp3
  artifactKey: Guid(ff436ee168d024946ba3d8b7eac52ac4) Importer(815301076,1909f56bfc062723c751e8b465ee728b)
Start importing Assets/Sounds/Rim Hit 1.mp3 using Guid(ff436ee168d024946ba3d8b7eac52ac4) Importer(815301076,1909f56bfc062723c751e8b465ee728b)  -> (artifact id: '850e821fdfc9ecc59eae52af169219e3') in 0.022939 seconds
  Import took 0.048252 seconds .

========================================================================
Received Import Request.
  Time since last request: 7.444148 seconds.
  path: Assets/GameManagerScript.cs
  artifactKey: Guid(bbbc58730bf78dc4fb6be8cf52e335ae) Importer(815301076,1909f56bfc062723c751e8b465ee728b)
Start importing Assets/GameManagerScript.cs using Guid(bbbc58730bf78dc4fb6be8cf52e335ae) Importer(815301076,1909f56bfc062723c751e8b465ee728b)  -> (artifact id: 'c1f4caae3ba4653036ad3b4f8f818a1f') in 0.015051 seconds
  Import took 0.092289 seconds .

========================================================================
Received Import Request.
  Time since last request: 1.525278 seconds.
  path: Assets/ShootScript.cs
  artifactKey: Guid(7bd7d3a994940aa4c9d82988b66f7d58) Importer(815301076,1909f56bfc062723c751e8b465ee728b)
Start importing Assets/ShootScript.cs using Guid(7bd7d3a994940aa4c9d82988b66f7d58) Importer(815301076,1909f56bfc062723c751e8b465ee728b)  -> (artifact id: '0b316623bd92bed6015e17f3c08a5f48') in 0.001480 seconds
  Import took 0.036500 seconds .

========================================================================
Received Import Request.
  Time since last request: 0.001355 seconds.
  path: Assets/ShootScript.cs
  artifactKey: Guid(7bd7d3a994940aa4c9d82988b66f7d58) Importer(815301076,1909f56bfc062723c751e8b465ee728b)
Start importing Assets/ShootScript.cs using Guid(7bd7d3a994940aa4c9d82988b66f7d58) Importer(815301076,1909f56bfc062723c751e8b465ee728b)  -> (artifact id: '0b316623bd92bed6015e17f3c08a5f48') in 0.001308 seconds
  Import took 0.005506 seconds .

========================================================================
Received Prepare
Registering precompiled user dll's ...
Registered in 0.000978 seconds.
Begin MonoManager ReloadAssembly
Native extension for WindowsStandalone target not found
Refreshing native plugins compatible for Editor in 0.33 ms, found 1 plugins.
Preloading 0 native plugins for Editor in 0.00 ms.
Invoked RoslynAnalysisRunner static constructor.
RoslynAnalysisRunner will not be running.
RoslynAnalysisRunner has terminated.
Mono: successfully reloaded assembly
- Completed reload, in  0.839 seconds
Platform modules already initialized, skipping
OnLevelWasLoaded was found on GameManagerScript
This message has been deprecated and will be removed in a later version of Unity.
Add a delegate to SceneManager.sceneLoaded instead to get notifications after scene loading has completed

Refreshing native plugins compatible for Editor in 0.36 ms, found 1 plugins.
Preloading 0 native plugins for Editor in 0.00 ms.
Unloading 1808 Unused Serialized files (Serialized files now loaded: 0)
System memory in use before: 88.3 MB.
System memory in use after: 88.3 MB.

Unloading 12 unused Assets to reduce memory usage. Loaded Objects now: 2339.
Total: 2.262000 ms (FindLiveObjects: 0.230000 ms CreateObjectMapping: 0.066800 ms MarkObjects: 1.799600 ms  DeleteObjects: 0.164800 ms)

========================================================================
Received Import Request.
  Time since last request: 89.750083 seconds.
  path: Assets/ShootScript.cs
  artifactKey: Guid(7bd7d3a994940aa4c9d82988b66f7d58) Importer(815301076,1909f56bfc062723c751e8b465ee728b)
Start importing Assets/ShootScript.cs using Guid(7bd7d3a994940aa4c9d82988b66f7d58) Importer(815301076,1909f56bfc062723c751e8b465ee728b)  -> (artifact id: '30f867531eb0cfecf0bcc4c6ab02d1f5') in 0.004225 seconds
  Import took 0.007668 seconds .

========================================================================
Received Import Request.
  Time since last request: 0.036567 seconds.
  path: Assets/ShootScript.cs
  artifactKey: Guid(7bd7d3a994940aa4c9d82988b66f7d58) Importer(815301076,1909f56bfc062723c751e8b465ee728b)
Start importing Assets/ShootScript.cs using Guid(7bd7d3a994940aa4c9d82988b66f7d58) Importer(815301076,1909f56bfc062723c751e8b465ee728b)  -> (artifact id: '30f867531eb0cfecf0bcc4c6ab02d1f5') in 0.002028 seconds
  Import took 0.005914 seconds .

========================================================================
Received Prepare
Registering precompiled user dll's ...
Registered in 0.001012 seconds.
Begin MonoManager ReloadAssembly
Native extension for WindowsStandalone target not found
Refreshing native plugins compatible for Editor in 0.33 ms, found 1 plugins.
Preloading 0 native plugins for Editor in 0.00 ms.
Invoked RoslynAnalysisRunner static constructor.
RoslynAnalysisRunner will not be running.
RoslynAnalysisRunner has terminated.
Mono: successfully reloaded assembly
- Completed reload, in  0.847 seconds
Platform modules already initialized, skipping
OnLevelWasLoaded was found on GameManagerScript
This message has been deprecated and will be removed in a later version of Unity.
Add a delegate to SceneManager.sceneLoaded instead to get notifications after scene loading has completed

Refreshing native plugins compatible for Editor in 0.34 ms, found 1 plugins.
Preloading 0 native plugins for Editor in 0.00 ms.
Unloading 1808 Unused Serialized files (Serialized files now loaded: 0)
System memory in use before: 88.4 MB.
System memory in use after: 88.4 MB.

Unloading 12 unused Assets to reduce memory usage. Loaded Objects now: 2343.
Total: 2.011600 ms (FindLiveObjects: 0.219700 ms CreateObjectMapping: 0.063200 ms MarkObjects: 1.594500 ms  DeleteObjects: 0.133300 ms)

========================================================================
Received Prepare
Registering precompiled user dll's ...
Registered in 0.001017 seconds.
Begin MonoManager ReloadAssembly
Native extension for WindowsStandalone target not found
Refreshing native plugins compatible for Editor in 0.39 ms, found 1 plugins.
Preloading 0 native plugins for Editor in 0.00 ms.
Invoked RoslynAnalysisRunner static constructor.
RoslynAnalysisRunner will not be running.
RoslynAnalysisRunner has terminated.
Mono: successfully reloaded assembly
- Completed reload, in  0.853 seconds
Platform modules already initialized, skipping
OnLevelWasLoaded was found on GameManagerScript
This message has been deprecated and will be removed in a later version of Unity.
Add a delegate to SceneManager.sceneLoaded instead to get notifications after scene loading has completed

Refreshing native plugins compatible for Editor in 0.33 ms, found 1 plugins.
Preloading 0 native plugins for Editor in 0.00 ms.
Unloading 1808 Unused Serialized files (Serialized files now loaded: 0)
System memory in use before: 88.4 MB.
System memory in use after: 88.4 MB.

Unloading 12 unused Assets to reduce memory usage. Loaded Objects now: 2347.
Total: 2.197900 ms (FindLiveObjects: 0.247800 ms CreateObjectMapping: 0.074700 ms MarkObjects: 1.763500 ms  DeleteObjects: 0.111000 ms)

AssetImportWorkerClient::OnTransportError - code=2 error=End of file
